ISim log file
Running: H:\OneDrive - UNSW\My Onedrive\PhD\Src\GitHub\Zedboard-knightrider\Zedboard-KnightRider\Zedboard\test_top_isim_beh.exe -intstyle ise -gui -tclbatch isim.cmd -wdb H:/OneDrive - UNSW/My Onedrive/PhD/Src/GitHub/Zedboard-knightrider/Zedboard-KnightRider/Zedboard/test_top_isim_beh.wdb 
ISim P.20131013 (signature 0x7708f090)
----------------------------------------------------------------------
INFO:Security:50 - The XILINXD_LICENSE_FILE environment variable is set to '27000@louie.cse.unsw.edu.au;1717@cad4.ee.unsw.edu.au; E:\Documents\license.lic'.
INFO:Security:52 - The LM_LICENSE_FILE environment variable is set to '1717@cad4.ee.unsw.edu.au; E:\Documents\license.lic'.
WARNING:Security:43 - No license file was found in the standard Xilinx license directory.
WARNING:Security:44 - Since no license file was found,
       please run the Xilinx License Configuration Manager
       (xlcm or "Manage Xilinx Licenses")
       to assist in obtaining a license.
WARNING:Security:42 - Your software subscription period has lapsed. Your current version of Xilinx tools will continue to function, but you no longer qualify for Xilinx software updates or new releases.


----------------------------------------------------------------------
This is a Full version of ISim.
Time resolution is 1 ps
# onerror resume
# wave add /
# run 1000 ns
Simulator is doing circuit initialization process.
Finished circuit initialization process.
# run 10000.00us
# run 10000.00us
# run all
Stopped at time : 742293120 ns : File "H:/OneDrive - UNSW/My Onedrive/PhD/Src/GitHub/Zedboard-knightrider/Zedboard-KnightRider/Zedboard/src/top.v" Line 67
